<?xml version="1.0" encoding="UTF-8" standalone="no"?>
<!DOCTYPE log SYSTEM "logger.dtd">
<log>
<record>
  <date>2010-04-15T08:14:43</date>
  <millis>1271337283967</millis>
  <sequence>0</sequence>
  <logger>jMetal</logger>
  <level>INFO</level>
  <class>jmetal.metaheuristics.spea2.SPEA2_main</class>
  <method>main</method>
  <thread>10</thread>
  <message>Total execution time: 14321ms</message>
</record>
<record>
  <date>2010-04-15T08:14:43</date>
  <millis>1271337283998</millis>
  <sequence>1</sequence>
  <logger>jMetal</logger>
  <level>INFO</level>
  <class>jmetal.metaheuristics.spea2.SPEA2_main</class>
  <method>main</method>
  <thread>10</thread>
  <message>Objectives values have been writen to file FUN</message>
</record>
<record>
  <date>2010-04-15T08:14:44</date>
  <millis>1271337284013</millis>
  <sequence>2</sequence>
  <logger>jMetal</logger>
  <level>INFO</level>
  <class>jmetal.metaheuristics.spea2.SPEA2_main</class>
  <method>main</method>
  <thread>10</thread>
  <message>Variables values have been writen to file VAR</message>
</record>
</log>
